<?xml version="1.0" encoding="UTF-8"?>
<!-- Generated by org.testng.reporters.JUnitReportReporter -->
<testsuite hostname="DESKTOP-O0RSMQB" failures="0" tests="1" name="javaT.JavaScriptExecutorTest" time="26.226" errors="0" timestamp="15 Jul 2019 12:00:06 GMT" skipped="0">
  <testcase classname="javaT.JavaScriptExecutorTest" name="test_01" time="26.226"/>
</testsuite> <!-- javaT.JavaScriptExecutorTest -->
