<?xml version="1.0" encoding="UTF-8"?>
<!-- Generated by org.testng.reporters.JUnitReportReporter -->
<testsuite hostname="DESKTOP-O0RSMQB" failures="0" tests="3" name="testNgtest.A1" time="0.027" errors="0" timestamp="17 Jul 2019 06:02:55 GMT" skipped="0">
  <testcase classname="testNgtest.A1" name="test_03" time="0.004"/>
  <testcase classname="testNgtest.A1" name="test_01" time="0.020"/>
  <testcase classname="testNgtest.A1" name="test_05" time="0.003"/>
</testsuite> <!-- testNgtest.A1 -->
