<?xml version="1.0" encoding="UTF-8"?>
<!-- Generated by org.testng.reporters.JUnitReportReporter -->
<testsuite hostname="DESKTOP-O0RSMQB" failures="0" tests="1" name="testNgtest.A2" time="0.023" errors="0" timestamp="17 Jul 2019 06:02:39 GMT" skipped="0">
  <testcase classname="testNgtest.A2" name="test_06" time="0.023"/>
</testsuite> <!-- testNgtest.A2 -->
